c:\users\tester\source\repos\ecmiraldo\glproject\glproject\x64\release\vc142.pdb
c:\users\tester\source\repos\ecmiraldo\glproject\glproject\x64\release\main.obj
c:\users\tester\source\repos\ecmiraldo\glproject\glproject\x64\release\model.obj
c:\users\tester\source\repos\ecmiraldo\glproject\glproject\x64\release\loadshaders.obj
c:\users\tester\source\repos\ecmiraldo\glproject\glproject\x64\release\camera.obj
c:\users\tester\source\repos\ecmiraldo\glproject\glproject\x64\release\lights.obj
c:\users\tester\source\repos\ecmiraldo\glproject\x64\release\glproject.ipdb
c:\users\tester\source\repos\ecmiraldo\glproject\x64\release\glproject.iobj
c:\users\tester\source\repos\ecmiraldo\glproject\x64\release\glproject.exe
c:\users\tester\source\repos\ecmiraldo\glproject\x64\release\glproject.pdb
c:\users\tester\source\repos\ecmiraldo\glproject\glproject\x64\release\glproject.ipdb
c:\users\tester\source\repos\ecmiraldo\glproject\glproject\x64\release\glproject.iobj
c:\users\tester\source\repos\ecmiraldo\glproject\glproject\x64\release\vc143.pdb
c:\users\tester\source\repos\ecmiraldo\glproject\glproject\x64\release\glproject.tlog\cl.command.1.tlog
c:\users\tester\source\repos\ecmiraldo\glproject\glproject\x64\release\glproject.tlog\cl.read.1.tlog
c:\users\tester\source\repos\ecmiraldo\glproject\glproject\x64\release\glproject.tlog\cl.write.1.tlog
c:\users\tester\source\repos\ecmiraldo\glproject\glproject\x64\release\glproject.tlog\glproject.write.1u.tlog
c:\users\tester\source\repos\ecmiraldo\glproject\glproject\x64\release\glproject.tlog\link.command.1.tlog
c:\users\tester\source\repos\ecmiraldo\glproject\glproject\x64\release\glproject.tlog\link.read.1.tlog
c:\users\tester\source\repos\ecmiraldo\glproject\glproject\x64\release\glproject.tlog\link.write.1.tlog
